<?xml version="1.0" encoding="UTF-8" ?>
<testsuite tests="7" failures="0" name="ar.edu.unlam.tallerweb1.persistencia.PaisesTest" time="0.158" errors="0" skipped="0">
  <properties>
[...]
</properties>
  <testcase classname="ar.edu.unlam.tallerweb1.persistencia.PaisesTest" name="PaisesPorHabitantesPorIdiomaYContinente" time="0.083"/>
  <testcase classname="ar.edu.unlam.tallerweb1.persistencia.PaisesTest" name="verificacionDeInsertPaises" time="0.015"/>
  <testcase classname="ar.edu.unlam.tallerweb1.persistencia.PaisesTest" name="insertarPaises" time="0.003"/>
  <testcase classname="ar.edu.unlam.tallerweb1.persistencia.PaisesTest" name="PaisesPorContinente" time="0.006"/>
  <testcase classname="ar.edu.unlam.tallerweb1.persistencia.PaisesTest" name="pruebaConexion" time="0.004"/>
  <testcase classname="ar.edu.unlam.tallerweb1.persistencia.PaisesTest" name="PaisesPorIdioma" time="0.026"/>
  <testcase classname="ar.edu.unlam.tallerweb1.persistencia.PaisesTest" name="PaisesPorIdiomas" time="0.021"/>
</testsuite>